This file contains any messages produced by compilers while
running configure, to aid debugging if configure makes a mistake.

It was created by Cuba configure 3.0, which was
generated by GNU Autoconf 2.69.  Invocation command line was

  $ ./configure --disable-option-checking --prefix=/usr/src/MCSANC/mcsanc --cache-file=/dev/null --srcdir=.

## --------- ##
## Platform. ##
## --------- ##

hostname = AcerW500-ой
uname -m = i686
uname -r = 1.7.33-2(0.280/5/3)
uname -s = CYGWIN_NT-6.1
uname -v = 2014-11-13 15:45

/usr/bin/uname -p = unknown
/bin/uname -X     = unknown

/bin/arch              = i686
/usr/bin/arch -k       = unknown
/usr/convex/getsysinfo = unknown
/usr/bin/hostinfo      = unknown
/bin/machine           = unknown
/usr/bin/oslevel       = unknown
/bin/universe          = unknown

PATH: /usr/local/bin
PATH: /usr/bin
PATH: /cygdrive/d/WATCOM/BINNT
PATH: /cygdrive/d/WATCOM/BINW
PATH: /cygdrive/c/Program Files/Common Files/Microsoft Shared/Windows Live
PATH: /cygdrive/c/Program Files/AMD APP/bin/x86
PATH: /cygdrive/c/Windows/system32
PATH: /cygdrive/c/Windows
PATH: /cygdrive/c/Windows/System32/Wbem
PATH: /cygdrive/c/Windows/System32/WindowsPowerShell/v1.0
PATH: /cygdrive/c/Program Files/ATI Technologies/ATI.ACE/Core-Static
PATH: /cygdrive/c/Program Files/Windows Live/Shared
PATH: /cygdrive/d/Program Files/MATLAB/R2008b/bin
PATH: /cygdrive/d/Program Files/MATLAB/R2008b/bin/win32
PATH: /cygdrive/c/Program Files/Microsoft SQL Server/90/Tools/binn
PATH: /cygdrive/d/desktop/mybin
PATH: /cygdrive/d/Program Files/MiKTeX 2.9/miktex/bin
PATH: /usr/bin


## ----------- ##
## Core tests. ##
## ----------- ##

configure:1963: checking for gcc
configure:1979: found /usr/bin/gcc
configure:1990: result: gcc
configure:2219: checking for C compiler version
configure:2228: gcc --version >&5
gcc (GCC) 4.8.3
Copyright (C) 2013 Free Software Foundation, Inc.
This is free software; see the source for copying conditions.  There is NO
warranty; not even for MERCHANTABILITY or FITNESS FOR A PARTICULAR PURPOSE.

configure:2239: $? = 0
configure:2228: gcc -v >&5
Using built-in specs.
COLLECT_GCC=gcc
COLLECT_LTO_WRAPPER=/usr/lib/gcc/i686-pc-cygwin/4.8.3/lto-wrapper.exe
Target: i686-pc-cygwin
Configured with: /cygdrive/i/szsz/tmpp/gcc4/gcc-4.8.3-2.i686/src/gcc-4.8.3/configure --srcdir=/cygdrive/i/szsz/tmpp/gcc4/gcc-4.8.3-2.i686/src/gcc-4.8.3 --prefix=/usr --exec-prefix=/usr --bindir=/usr/bin --sbindir=/usr/sbin --libexecdir=/usr/libexec --datadir=/usr/share --localstatedir=/var --sysconfdir=/etc --libdir=/usr/lib --datarootdir=/usr/share --docdir=/usr/share/doc/gcc --htmldir=/usr/share/doc/gcc/html -C --build=i686-pc-cygwin --host=i686-pc-cygwin --target=i686-pc-cygwin --without-libiconv-prefix --without-libintl-prefix --enable-shared --enable-shared-libgcc --enable-static --enable-version-specific-runtime-libs --enable-bootstrap --disable-__cxa_atexit --with-dwarf2 --with-arch=i686 --with-tune=generic --disable-sjlj-exceptions --enable-languages=ada,c,c++,fortran,java,lto,objc,obj-c++ --enable-graphite --enable-threads=posix --enable-libatomic --enable-libgomp --disable-libitm --enable-libquadmath --enable-libquadmath-support --enable-libssp --enable-libada --enable-libjava --enable-libgcj-sublibs --disable-java-awt --disable-symvers --with-ecj-jar=/usr/share/java/ecj.jar --with-gnu-ld --with-gnu-as --with-cloog-include=/usr/include/cloog-isl --without-libiconv-prefix --without-libintl-prefix --with-system-zlib --libexecdir=/usr/lib
Thread model: posix
gcc version 4.8.3 (GCC) 
configure:2239: $? = 0
configure:2228: gcc -V >&5
gcc: error: unrecognized command line option '-V'
gcc: fatal error: no input files
compilation terminated.
configure:2239: $? = 1
configure:2228: gcc -qversion >&5
gcc: error: unrecognized command line option '-qversion'
gcc: fatal error: no input files
compilation terminated.
configure:2239: $? = 1
configure:2259: checking whether the C compiler works
configure:2281: gcc    conftest.c -lm >&5
configure:2285: $? = 0
configure:2333: result: yes
configure:2336: checking for C compiler default output file name
configure:2338: result: a.exe
configure:2344: checking for suffix of executables
configure:2351: gcc -o conftest.exe    conftest.c -lm >&5
configure:2355: $? = 0
configure:2377: result: .exe
configure:2399: checking whether we are cross compiling
configure:2407: gcc -o conftest.exe    conftest.c -lm >&5
configure:2411: $? = 0
configure:2418: ./conftest.exe
configure:2422: $? = 0
configure:2437: result: no
configure:2442: checking for suffix of object files
configure:2464: gcc -c   conftest.c >&5
configure:2468: $? = 0
configure:2489: result: o
configure:2493: checking whether we are using the GNU C compiler
configure:2512: gcc -c   conftest.c >&5
configure:2512: $? = 0
configure:2521: result: yes
configure:2530: checking whether gcc accepts -g
configure:2550: gcc -c -g  conftest.c >&5
configure:2550: $? = 0
configure:2591: result: yes
configure:2608: checking for gcc option to accept ISO C89
configure:2671: gcc  -c -g -O2  conftest.c >&5
configure:2671: $? = 0
configure:2684: result: none needed
configure:2757: checking for gfortran
configure:2773: found /usr/bin/gfortran
configure:2784: result: gfortran
configure:2810: checking for Fortran 77 compiler version
configure:2819: gfortran --version >&5
GNU Fortran (GCC) 4.8.3
Copyright (C) 2013 Free Software Foundation, Inc.

GNU Fortran comes with NO WARRANTY, to the extent permitted by law.
You may redistribute copies of GNU Fortran
under the terms of the GNU General Public License.
For more information about these matters, see the file named COPYING

configure:2830: $? = 0
configure:2819: gfortran -v >&5
Using built-in specs.
COLLECT_GCC=gfortran
COLLECT_LTO_WRAPPER=/usr/lib/gcc/i686-pc-cygwin/4.8.3/lto-wrapper.exe
Target: i686-pc-cygwin
Configured with: /cygdrive/i/szsz/tmpp/gcc4/gcc-4.8.3-2.i686/src/gcc-4.8.3/configure --srcdir=/cygdrive/i/szsz/tmpp/gcc4/gcc-4.8.3-2.i686/src/gcc-4.8.3 --prefix=/usr --exec-prefix=/usr --bindir=/usr/bin --sbindir=/usr/sbin --libexecdir=/usr/libexec --datadir=/usr/share --localstatedir=/var --sysconfdir=/etc --libdir=/usr/lib --datarootdir=/usr/share --docdir=/usr/share/doc/gcc --htmldir=/usr/share/doc/gcc/html -C --build=i686-pc-cygwin --host=i686-pc-cygwin --target=i686-pc-cygwin --without-libiconv-prefix --without-libintl-prefix --enable-shared --enable-shared-libgcc --enable-static --enable-version-specific-runtime-libs --enable-bootstrap --disable-__cxa_atexit --with-dwarf2 --with-arch=i686 --with-tune=generic --disable-sjlj-exceptions --enable-languages=ada,c,c++,fortran,java,lto,objc,obj-c++ --enable-graphite --enable-threads=posix --enable-libatomic --enable-libgomp --disable-libitm --enable-libquadmath --enable-libquadmath-support --enable-libssp --enable-libada --enable-libjava --enable-libgcj-sublibs --disable-java-awt --disable-symvers --with-ecj-jar=/usr/share/java/ecj.jar --with-gnu-ld --with-gnu-as --with-cloog-include=/usr/include/cloog-isl --without-libiconv-prefix --without-libintl-prefix --with-system-zlib --libexecdir=/usr/lib
Thread model: posix
gcc version 4.8.3 (GCC) 
configure:2830: $? = 0
configure:2819: gfortran -V >&5
gfortran: error: unrecognized command line option '-V'
gfortran: fatal error: no input files
compilation terminated.
configure:2830: $? = 1
configure:2819: gfortran -qversion >&5
gfortran: error: unrecognized command line option '-qversion'
gfortran: fatal error: no input files
compilation terminated.
configure:2830: $? = 1
configure:2839: checking whether we are using the GNU Fortran 77 compiler
configure:2852: gfortran -c  conftest.F >&5
configure:2852: $? = 0
configure:2861: result: yes
configure:2867: checking whether gfortran accepts -g
configure:2878: gfortran -c -g conftest.f >&5
configure:2878: $? = 0
configure:2886: result: yes
configure:2958: checking for ranlib
configure:2974: found /usr/bin/ranlib
configure:2985: result: ranlib
configure:3050: checking for a BSD-compatible install
configure:3118: result: /usr/bin/install -c
configure:3137: checking for an ANSI C-conforming const
configure:3203: gcc -c -O0 -fomit-frame-pointer -ffast-math  conftest.c >&5
configure:3203: $? = 0
configure:3210: result: yes
configure:3218: checking for inline
configure:3234: gcc -c -O0 -fomit-frame-pointer -ffast-math  conftest.c >&5
configure:3234: $? = 0
configure:3242: result: inline
configure:3262: checking for long double with more range or precision than double
configure:3298: gcc -c -O0 -fomit-frame-pointer -ffast-math  conftest.c >&5
configure:3298: $? = 0
configure:3305: result: yes
configure:3323: checking for powl
configure:3323: gcc -o conftest.exe -O0 -fomit-frame-pointer -ffast-math   conftest.c -lm >&5
conftest.c:34:6: warning: conflicting types for built-in function 'powl' [enabled by default]
 char powl ();
      ^
/tmp/ccQ7oDOW.o:conftest.c:(.text+0xc): undefined reference to `powl'
collect2: error: ld returned 1 exit status
configure:3323: $? = 1
configure: failed program was:
| /* confdefs.h */
| #define PACKAGE_NAME "Cuba"
| #define PACKAGE_TARNAME "cuba"
| #define PACKAGE_VERSION "3.0"
| #define PACKAGE_STRING "Cuba 3.0"
| #define PACKAGE_BUGREPORT "hahn@feynarts.de"
| #define PACKAGE_URL ""
| #define HAVE_LONG_DOUBLE_WIDER 1
| #define HAVE_LONG_DOUBLE 1
| /* end confdefs.h.  */
| /* Define powl to an innocuous variant, in case <limits.h> declares powl.
|    For example, HP-UX 11i <limits.h> declares gettimeofday.  */
| #define powl innocuous_powl
| 
| /* System header to define __stub macros and hopefully few prototypes,
|     which can conflict with char powl (); below.
|     Prefer <limits.h> to <assert.h> if __STDC__ is defined, since
|     <limits.h> exists even on freestanding compilers.  */
| 
| #ifdef __STDC__
| # include <limits.h>
| #else
| # include <assert.h>
| #endif
| 
| #undef powl
| 
| /* Override any GCC internal prototype to avoid an error.
|    Use char because int might match the return type of a GCC
|    builtin and then its argument prototype would still apply.  */
| #ifdef __cplusplus
| extern "C"
| #endif
| char powl ();
| /* The GNU C library defines this for functions which it implements
|     to always fail with ENOSYS.  Some functions are actually named
|     something starting with __ and the normal name is an alias.  */
| #if defined __stub_powl || defined __stub___powl
| choke me
| #endif
| 
| int
| main ()
| {
| return powl ();
|   ;
|   return 0;
| }
configure:3323: result: no
configure:3334: checking for erf
configure:3334: gcc -o conftest.exe -O0 -fomit-frame-pointer -ffast-math   conftest.c -lm >&5
conftest.c:34:6: warning: conflicting types for built-in function 'erf' [enabled by default]
 char erf ();
      ^
configure:3334: $? = 0
configure:3334: result: yes
configure:3345: checking for fork
configure:3345: gcc -o conftest.exe -O0 -fomit-frame-pointer -ffast-math   conftest.c -lm >&5
conftest.c:35:6: warning: conflicting types for built-in function 'fork' [enabled by default]
 char fork ();
      ^
configure:3345: $? = 0
configure:3345: result: yes
configure:3356: checking for shmget
configure:3356: gcc -o conftest.exe -O0 -fomit-frame-pointer -ffast-math   conftest.c -lm >&5
configure:3356: $? = 0
configure:3356: result: yes
configure:3367: checking for getloadavg
configure:3367: gcc -o conftest.exe -O0 -fomit-frame-pointer -ffast-math   conftest.c -lm >&5
/tmp/ccV5yZQF.o:conftest.c:(.text+0xc): undefined reference to `getloadavg'
collect2: error: ld returned 1 exit status
configure:3367: $? = 1
configure: failed program was:
| /* confdefs.h */
| #define PACKAGE_NAME "Cuba"
| #define PACKAGE_TARNAME "cuba"
| #define PACKAGE_VERSION "3.0"
| #define PACKAGE_STRING "Cuba 3.0"
| #define PACKAGE_BUGREPORT "hahn@feynarts.de"
| #define PACKAGE_URL ""
| #define HAVE_LONG_DOUBLE_WIDER 1
| #define HAVE_LONG_DOUBLE 1
| #define HAVE_ERF 1
| #define HAVE_FORK 1
| #define HAVE_SHMGET 1
| /* end confdefs.h.  */
| /* Define getloadavg to an innocuous variant, in case <limits.h> declares getloadavg.
|    For example, HP-UX 11i <limits.h> declares gettimeofday.  */
| #define getloadavg innocuous_getloadavg
| 
| /* System header to define __stub macros and hopefully few prototypes,
|     which can conflict with char getloadavg (); below.
|     Prefer <limits.h> to <assert.h> if __STDC__ is defined, since
|     <limits.h> exists even on freestanding compilers.  */
| 
| #ifdef __STDC__
| # include <limits.h>
| #else
| # include <assert.h>
| #endif
| 
| #undef getloadavg
| 
| /* Override any GCC internal prototype to avoid an error.
|    Use char because int might match the return type of a GCC
|    builtin and then its argument prototype would still apply.  */
| #ifdef __cplusplus
| extern "C"
| #endif
| char getloadavg ();
| /* The GNU C library defines this for functions which it implements
|     to always fail with ENOSYS.  Some functions are actually named
|     something starting with __ and the normal name is an alias.  */
| #if defined __stub_getloadavg || defined __stub___getloadavg
| choke me
| #endif
| 
| int
| main ()
| {
| return getloadavg ();
|   ;
|   return 0;
| }
configure:3367: result: no
configure:3393: checking for variable-size arrays
configure:3399: gcc -c -O0 -fomit-frame-pointer -ffast-math  conftest.c >&5
configure:3399: $? = 0
configure:3400: result: yes
configure:3419: checking for MathLink
configure:3447: result: no
configure:3578: creating ./config.status

## ---------------------- ##
## Running config.status. ##
## ---------------------- ##

This file was extended by Cuba config.status 3.0, which was
generated by GNU Autoconf 2.69.  Invocation command line was

  CONFIG_FILES    = 
  CONFIG_HEADERS  = 
  CONFIG_LINKS    = 
  CONFIG_COMMANDS = 
  $ ./config.status 

on AcerW500-ой

config.status:801: creating makefile
config.status:801: creating config.h

## ---------------- ##
## Cache variables. ##
## ---------------- ##

ac_cv_c_compiler_gnu=yes
ac_cv_c_const=yes
ac_cv_c_inline=inline
ac_cv_c_long_double=yes
ac_cv_env_CC_set=
ac_cv_env_CC_value=
ac_cv_env_CFLAGS_set=
ac_cv_env_CFLAGS_value=
ac_cv_env_CPPFLAGS_set=
ac_cv_env_CPPFLAGS_value=
ac_cv_env_F77_set=
ac_cv_env_F77_value=
ac_cv_env_FFLAGS_set=
ac_cv_env_FFLAGS_value=
ac_cv_env_LDFLAGS_set=
ac_cv_env_LDFLAGS_value=
ac_cv_env_LIBS_set=
ac_cv_env_LIBS_value=
ac_cv_env_MCFLAGS_set=
ac_cv_env_MCFLAGS_value=
ac_cv_env_build_alias_set=
ac_cv_env_build_alias_value=
ac_cv_env_host_alias_set=
ac_cv_env_host_alias_value=
ac_cv_env_target_alias_set=
ac_cv_env_target_alias_value=
ac_cv_exeext=.exe
ac_cv_f77_compiler_gnu=yes
ac_cv_func_erf=yes
ac_cv_func_fork=yes
ac_cv_func_getloadavg=no
ac_cv_func_powl=no
ac_cv_func_shmget=yes
ac_cv_objext=o
ac_cv_path_install='/usr/bin/install -c'
ac_cv_prog_ac_ct_CC=gcc
ac_cv_prog_ac_ct_F77=gfortran
ac_cv_prog_ac_ct_RANLIB=ranlib
ac_cv_prog_cc_c89=
ac_cv_prog_cc_g=yes
ac_cv_prog_f77_g=yes
ac_cv_type_long_double_wider=yes

## ----------------- ##
## Output variables. ##
## ----------------- ##

CC='gcc'
CFLAGS='-O0 -fomit-frame-pointer -ffast-math'
CPPFLAGS=''
DEFS='-DHAVE_CONFIG_H'
DEMO_FORTRAN_DEFAULT='demo-fortran'
ECHO_C=''
ECHO_N='-n'
ECHO_T=''
EXEEXT='.exe'
F77='gfortran'
FFLAGS='-g -O2'
INSTALL_DATA='${INSTALL} -m 644'
INSTALL_PROGRAM='${INSTALL}'
INSTALL_SCRIPT='${INSTALL}'
LDFLAGS=''
LIBOBJS=''
LIBS='-lm'
LTLIBOBJS=''
MATH_DEFAULT=''
MCFLAGS=''
OBJEXT='o'
PACKAGE_BUGREPORT='hahn@feynarts.de'
PACKAGE_NAME='Cuba'
PACKAGE_STRING='Cuba 3.0'
PACKAGE_TARNAME='cuba'
PACKAGE_URL=''
PACKAGE_VERSION='3.0'
PATH_SEPARATOR=':'
RANLIB='ranlib'
SHELL='/bin/sh'
TOOLS_DEFAULT=''
ac_ct_CC='gcc'
ac_ct_F77='gfortran'
bindir='${exec_prefix}/bin'
build_alias=''
datadir='${datarootdir}'
datarootdir='${prefix}/share'
docdir='${datarootdir}/doc/${PACKAGE_TARNAME}'
dvidir='${docdir}'
exec_prefix='${prefix}'
host_alias=''
htmldir='${docdir}'
includedir='${prefix}/include'
infodir='${datarootdir}/info'
libdir='${exec_prefix}/lib'
libexecdir='${exec_prefix}/libexec'
localedir='${datarootdir}/locale'
localstatedir='${prefix}/var'
mandir='${datarootdir}/man'
oldincludedir='/usr/include'
pdfdir='${docdir}'
prefix='/usr/src/MCSANC/mcsanc'
program_transform_name='s,x,x,'
psdir='${docdir}'
sbindir='${exec_prefix}/sbin'
sharedstatedir='${prefix}/com'
sysconfdir='${prefix}/etc'
target_alias=''

## ----------- ##
## confdefs.h. ##
## ----------- ##

/* confdefs.h */
#define PACKAGE_NAME "Cuba"
#define PACKAGE_TARNAME "cuba"
#define PACKAGE_VERSION "3.0"
#define PACKAGE_STRING "Cuba 3.0"
#define PACKAGE_BUGREPORT "hahn@feynarts.de"
#define PACKAGE_URL ""
#define HAVE_LONG_DOUBLE_WIDER 1
#define HAVE_LONG_DOUBLE 1
#define HAVE_ERF 1
#define HAVE_FORK 1
#define HAVE_SHMGET 1

configure: exit 0
