This file contains any messages produced by compilers while
running configure, to aid debugging if configure makes a mistake.

It was created by mcsanc configure 0.0.1, which was
generated by GNU Autoconf 2.69.  Invocation command line was

  $ ./configure 

## --------- ##
## Platform. ##
## --------- ##

hostname = AcerW500-ой
uname -m = i686
uname -r = 1.7.33-2(0.280/5/3)
uname -s = CYGWIN_NT-6.1
uname -v = 2014-11-13 15:45

/usr/bin/uname -p = unknown
/bin/uname -X     = unknown

/bin/arch              = i686
/usr/bin/arch -k       = unknown
/usr/convex/getsysinfo = unknown
/usr/bin/hostinfo      = unknown
/bin/machine           = unknown
/usr/bin/oslevel       = unknown
/bin/universe          = unknown

PATH: /usr/local/bin
PATH: /usr/bin
PATH: /cygdrive/d/WATCOM/BINNT
PATH: /cygdrive/d/WATCOM/BINW
PATH: /cygdrive/c/Program Files/Common Files/Microsoft Shared/Windows Live
PATH: /cygdrive/c/Program Files/AMD APP/bin/x86
PATH: /cygdrive/c/Windows/system32
PATH: /cygdrive/c/Windows
PATH: /cygdrive/c/Windows/System32/Wbem
PATH: /cygdrive/c/Windows/System32/WindowsPowerShell/v1.0
PATH: /cygdrive/c/Program Files/ATI Technologies/ATI.ACE/Core-Static
PATH: /cygdrive/c/Program Files/Windows Live/Shared
PATH: /cygdrive/d/Program Files/MATLAB/R2008b/bin
PATH: /cygdrive/d/Program Files/MATLAB/R2008b/bin/win32
PATH: /cygdrive/c/Program Files/Microsoft SQL Server/90/Tools/binn
PATH: /cygdrive/d/desktop/mybin
PATH: /cygdrive/d/Program Files/MiKTeX 2.9/miktex/bin
PATH: /usr/bin


## ----------- ##
## Core tests. ##
## ----------- ##

configure:2083: checking for a BSD-compatible install
configure:2151: result: /usr/bin/install -c
configure:2162: checking whether build environment is sane
configure:2212: result: yes
configure:2353: checking for a thread-safe mkdir -p
configure:2392: result: /usr/bin/mkdir -p
configure:2405: checking for gawk
configure:2421: found /usr/bin/gawk
configure:2432: result: gawk
configure:2443: checking whether make sets $(MAKE)
configure:2465: result: yes
configure:2591: checking for ranlib
configure:2607: found /usr/bin/ranlib
configure:2618: result: ranlib
configure:2698: checking for g++
configure:2714: found /usr/bin/g++
configure:2725: result: g++
configure:2752: checking for C++ compiler version
configure:2761: g++ --version >&5
g++ (GCC) 4.8.3
Copyright (C) 2013 Free Software Foundation, Inc.
This is free software; see the source for copying conditions.  There is NO
warranty; not even for MERCHANTABILITY or FITNESS FOR A PARTICULAR PURPOSE.

configure:2772: $? = 0
configure:2761: g++ -v >&5
Using built-in specs.
COLLECT_GCC=g++
COLLECT_LTO_WRAPPER=/usr/lib/gcc/i686-pc-cygwin/4.8.3/lto-wrapper.exe
Target: i686-pc-cygwin
Configured with: /cygdrive/i/szsz/tmpp/gcc4/gcc-4.8.3-2.i686/src/gcc-4.8.3/configure --srcdir=/cygdrive/i/szsz/tmpp/gcc4/gcc-4.8.3-2.i686/src/gcc-4.8.3 --prefix=/usr --exec-prefix=/usr --bindir=/usr/bin --sbindir=/usr/sbin --libexecdir=/usr/libexec --datadir=/usr/share --localstatedir=/var --sysconfdir=/etc --libdir=/usr/lib --datarootdir=/usr/share --docdir=/usr/share/doc/gcc --htmldir=/usr/share/doc/gcc/html -C --build=i686-pc-cygwin --host=i686-pc-cygwin --target=i686-pc-cygwin --without-libiconv-prefix --without-libintl-prefix --enable-shared --enable-shared-libgcc --enable-static --enable-version-specific-runtime-libs --enable-bootstrap --disable-__cxa_atexit --with-dwarf2 --with-arch=i686 --with-tune=generic --disable-sjlj-exceptions --enable-languages=ada,c,c++,fortran,java,lto,objc,obj-c++ --enable-graphite --enable-threads=posix --enable-libatomic --enable-libgomp --disable-libitm --enable-libquadmath --enable-libquadmath-support --enable-libssp --enable-libada --enable-libjava --enable-libgcj-sublibs --disable-java-awt --disable-symvers --with-ecj-jar=/usr/share/java/ecj.jar --with-gnu-ld --with-gnu-as --with-cloog-include=/usr/include/cloog-isl --without-libiconv-prefix --without-libintl-prefix --with-system-zlib --libexecdir=/usr/lib
Thread model: posix
gcc version 4.8.3 (GCC) 
configure:2772: $? = 0
configure:2761: g++ -V >&5
g++: error: unrecognized command line option '-V'
g++: fatal error: no input files
compilation terminated.
configure:2772: $? = 1
configure:2761: g++ -qversion >&5
g++: error: unrecognized command line option '-qversion'
g++: fatal error: no input files
compilation terminated.
configure:2772: $? = 1
configure:2792: checking whether the C++ compiler works
configure:2814: g++    conftest.cpp  >&5
configure:2818: $? = 0
configure:2866: result: yes
configure:2869: checking for C++ compiler default output file name
configure:2871: result: a.exe
configure:2877: checking for suffix of executables
configure:2884: g++ -o conftest.exe    conftest.cpp  >&5
configure:2888: $? = 0
configure:2910: result: .exe
configure:2932: checking whether we are cross compiling
configure:2940: g++ -o conftest.exe    conftest.cpp  >&5
configure:2944: $? = 0
configure:2951: ./conftest.exe
configure:2955: $? = 0
configure:2970: result: no
configure:2975: checking for suffix of object files
configure:2997: g++ -c   conftest.cpp >&5
configure:3001: $? = 0
configure:3022: result: o
configure:3026: checking whether we are using the GNU C++ compiler
configure:3045: g++ -c   conftest.cpp >&5
configure:3045: $? = 0
configure:3054: result: yes
configure:3063: checking whether g++ accepts -g
configure:3083: g++ -c -g  conftest.cpp >&5
configure:3083: $? = 0
configure:3124: result: yes
configure:3158: checking for style of include used by make
configure:3186: result: GNU
configure:3212: checking dependency style of g++
configure:3323: result: gcc3
configure:3391: checking for gfortran
configure:3407: found /usr/bin/gfortran
configure:3418: result: gfortran
configure:3444: checking for Fortran compiler version
configure:3453: gfortran --version >&5
GNU Fortran (GCC) 4.8.3
Copyright (C) 2013 Free Software Foundation, Inc.

GNU Fortran comes with NO WARRANTY, to the extent permitted by law.
You may redistribute copies of GNU Fortran
under the terms of the GNU General Public License.
For more information about these matters, see the file named COPYING

configure:3464: $? = 0
configure:3453: gfortran -v >&5
Using built-in specs.
COLLECT_GCC=gfortran
COLLECT_LTO_WRAPPER=/usr/lib/gcc/i686-pc-cygwin/4.8.3/lto-wrapper.exe
Target: i686-pc-cygwin
Configured with: /cygdrive/i/szsz/tmpp/gcc4/gcc-4.8.3-2.i686/src/gcc-4.8.3/configure --srcdir=/cygdrive/i/szsz/tmpp/gcc4/gcc-4.8.3-2.i686/src/gcc-4.8.3 --prefix=/usr --exec-prefix=/usr --bindir=/usr/bin --sbindir=/usr/sbin --libexecdir=/usr/libexec --datadir=/usr/share --localstatedir=/var --sysconfdir=/etc --libdir=/usr/lib --datarootdir=/usr/share --docdir=/usr/share/doc/gcc --htmldir=/usr/share/doc/gcc/html -C --build=i686-pc-cygwin --host=i686-pc-cygwin --target=i686-pc-cygwin --without-libiconv-prefix --without-libintl-prefix --enable-shared --enable-shared-libgcc --enable-static --enable-version-specific-runtime-libs --enable-bootstrap --disable-__cxa_atexit --with-dwarf2 --with-arch=i686 --with-tune=generic --disable-sjlj-exceptions --enable-languages=ada,c,c++,fortran,java,lto,objc,obj-c++ --enable-graphite --enable-threads=posix --enable-libatomic --enable-libgomp --disable-libitm --enable-libquadmath --enable-libquadmath-support --enable-libssp --enable-libada --enable-libjava --enable-libgcj-sublibs --disable-java-awt --disable-symvers --with-ecj-jar=/usr/share/java/ecj.jar --with-gnu-ld --with-gnu-as --with-cloog-include=/usr/include/cloog-isl --without-libiconv-prefix --without-libintl-prefix --with-system-zlib --libexecdir=/usr/lib
Thread model: posix
gcc version 4.8.3 (GCC) 
configure:3464: $? = 0
configure:3453: gfortran -V >&5
gfortran: error: unrecognized command line option '-V'
gfortran: fatal error: no input files
compilation terminated.
configure:3464: $? = 1
configure:3453: gfortran -qversion >&5
gfortran: error: unrecognized command line option '-qversion'
gfortran: fatal error: no input files
compilation terminated.
configure:3464: $? = 1
configure:3473: checking whether we are using the GNU Fortran compiler
configure:3486: gfortran -c   conftest.F >&5
configure:3486: $? = 0
configure:3495: result: yes
configure:3501: checking whether gfortran accepts -g
configure:3512: gfortran -c -g  conftest.f >&5
configure:3512: $? = 0
configure:3520: result: yes
configure:3602: checking for gfortran
configure:3618: found /usr/bin/gfortran
configure:3629: result: gfortran
configure:3655: checking for Fortran 77 compiler version
configure:3664: gfortran --version >&5
GNU Fortran (GCC) 4.8.3
Copyright (C) 2013 Free Software Foundation, Inc.

GNU Fortran comes with NO WARRANTY, to the extent permitted by law.
You may redistribute copies of GNU Fortran
under the terms of the GNU General Public License.
For more information about these matters, see the file named COPYING

configure:3675: $? = 0
configure:3664: gfortran -v >&5
Using built-in specs.
COLLECT_GCC=gfortran
COLLECT_LTO_WRAPPER=/usr/lib/gcc/i686-pc-cygwin/4.8.3/lto-wrapper.exe
Target: i686-pc-cygwin
Configured with: /cygdrive/i/szsz/tmpp/gcc4/gcc-4.8.3-2.i686/src/gcc-4.8.3/configure --srcdir=/cygdrive/i/szsz/tmpp/gcc4/gcc-4.8.3-2.i686/src/gcc-4.8.3 --prefix=/usr --exec-prefix=/usr --bindir=/usr/bin --sbindir=/usr/sbin --libexecdir=/usr/libexec --datadir=/usr/share --localstatedir=/var --sysconfdir=/etc --libdir=/usr/lib --datarootdir=/usr/share --docdir=/usr/share/doc/gcc --htmldir=/usr/share/doc/gcc/html -C --build=i686-pc-cygwin --host=i686-pc-cygwin --target=i686-pc-cygwin --without-libiconv-prefix --without-libintl-prefix --enable-shared --enable-shared-libgcc --enable-static --enable-version-specific-runtime-libs --enable-bootstrap --disable-__cxa_atexit --with-dwarf2 --with-arch=i686 --with-tune=generic --disable-sjlj-exceptions --enable-languages=ada,c,c++,fortran,java,lto,objc,obj-c++ --enable-graphite --enable-threads=posix --enable-libatomic --enable-libgomp --disable-libitm --enable-libquadmath --enable-libquadmath-support --enable-libssp --enable-libada --enable-libjava --enable-libgcj-sublibs --disable-java-awt --disable-symvers --with-ecj-jar=/usr/share/java/ecj.jar --with-gnu-ld --with-gnu-as --with-cloog-include=/usr/include/cloog-isl --without-libiconv-prefix --without-libintl-prefix --with-system-zlib --libexecdir=/usr/lib
Thread model: posix
gcc version 4.8.3 (GCC) 
configure:3675: $? = 0
configure:3664: gfortran -V >&5
gfortran: error: unrecognized command line option '-V'
gfortran: fatal error: no input files
compilation terminated.
configure:3675: $? = 1
configure:3664: gfortran -qversion >&5
gfortran: error: unrecognized command line option '-qversion'
gfortran: fatal error: no input files
compilation terminated.
configure:3675: $? = 1
configure:3684: checking whether we are using the GNU Fortran 77 compiler
configure:3697: gfortran -c  conftest.F >&5
configure:3697: $? = 0
configure:3706: result: yes
configure:3712: checking whether gfortran accepts -g
configure:3723: gfortran -c -g conftest.f >&5
configure:3723: $? = 0
configure:3731: result: yes
configure:3766: checking build system type
configure:3780: result: i686-pc-cygwin
configure:3800: checking host system type
configure:3813: result: i686-pc-cygwin
configure:3838: checking how to get verbose linking output from gfortran
configure:3848: gfortran -c -g -O2  conftest.f >&5
configure:3848: $? = 0
configure:3866: gfortran -o conftest.exe -g -O2 -v conftest.f
Using built-in specs.
Target: i686-pc-cygwin
Thread model: posix
gcc version 4.8.3 (GCC) 
 /usr/lib/gcc/i686-pc-cygwin/4.8.3/f951.exe conftest.f -ffixed-form -quiet -dumpbase conftest.f -mtune=generic -march=i686 -auxbase conftest -g -O2 -version -fintrinsic-modules-path /usr/lib/gcc/i686-pc-cygwin/4.8.3/finclude -o /tmp/cc6bsJ9f.s
GNU Fortran (GCC) version 4.8.3 (i686-pc-cygwin)
	compiled by GNU C version 4.8.3, GMP version 6.0.0, MPFR version 3.1.2, MPC version 1.0.2
GGC heuristics: --param ggc-min-expand=100 --param ggc-min-heapsize=131072
GNU Fortran (GCC) version 4.8.3 (i686-pc-cygwin)
	compiled by GNU C version 4.8.3, GMP version 6.0.0, MPFR version 3.1.2, MPC version 1.0.2
GGC heuristics: --param ggc-min-expand=100 --param ggc-min-heapsize=131072
 /usr/lib/gcc/i686-pc-cygwin/4.8.3/../../../../i686-pc-cygwin/bin/as.exe -v -o /tmp/ccjt0cPg.o /tmp/cc6bsJ9f.s
GNU assembler version 2.24.51 (i686-pc-cygwin) using BFD version (GNU Binutils) 2.24.51.20140703
Reading specs from /usr/lib/gcc/i686-pc-cygwin/4.8.3/libgfortran.spec
rename spec lib to liborig
 /usr/lib/gcc/i686-pc-cygwin/4.8.3/collect2.exe --wrap _Znwj --wrap _Znaj --wrap _ZdlPv --wrap _ZdaPv --wrap _ZnwjRKSt9nothrow_t --wrap _ZnajRKSt9nothrow_t --wrap _ZdlPvRKSt9nothrow_t --wrap _ZdaPvRKSt9nothrow_t -Bdynamic --dll-search-prefix=cyg --large-address-aware --tsaware -o conftest.exe /usr/lib/gcc/i686-pc-cygwin/4.8.3/../../../crt0.o /usr/lib/gcc/i686-pc-cygwin/4.8.3/crtbegin.o -L/usr/lib/gcc/i686-pc-cygwin/4.8.3 -L/usr/lib/gcc/i686-pc-cygwin/4.8.3/../../../../i686-pc-cygwin/lib -L/usr/lib/gcc/i686-pc-cygwin/4.8.3/../../.. /tmp/ccjt0cPg.o -lgfortran -lgcc_s -lgcc -lquadmath -lm -lgcc_s -lgcc -lcygwin -ladvapi32 -lshell32 -luser32 -lkernel32 -lgcc_s -lgcc /usr/lib/gcc/i686-pc-cygwin/4.8.3/../../../default-manifest.o /usr/lib/gcc/i686-pc-cygwin/4.8.3/crtend.o
configure:3949: result: -v
configure:3951: checking for Fortran libraries of gfortran
configure:3974: gfortran -o conftest.exe -g -O2 -v conftest.f
Using built-in specs.
Target: i686-pc-cygwin
Thread model: posix
gcc version 4.8.3 (GCC) 
 /usr/lib/gcc/i686-pc-cygwin/4.8.3/f951.exe conftest.f -ffixed-form -quiet -dumpbase conftest.f -mtune=generic -march=i686 -auxbase conftest -g -O2 -version -fintrinsic-modules-path /usr/lib/gcc/i686-pc-cygwin/4.8.3/finclude -o /tmp/cc3zVxr1.s
GNU Fortran (GCC) version 4.8.3 (i686-pc-cygwin)
	compiled by GNU C version 4.8.3, GMP version 6.0.0, MPFR version 3.1.2, MPC version 1.0.2
GGC heuristics: --param ggc-min-expand=100 --param ggc-min-heapsize=131072
GNU Fortran (GCC) version 4.8.3 (i686-pc-cygwin)
	compiled by GNU C version 4.8.3, GMP version 6.0.0, MPFR version 3.1.2, MPC version 1.0.2
GGC heuristics: --param ggc-min-expand=100 --param ggc-min-heapsize=131072
 /usr/lib/gcc/i686-pc-cygwin/4.8.3/../../../../i686-pc-cygwin/bin/as.exe -v -o /tmp/ccQdra17.o /tmp/cc3zVxr1.s
GNU assembler version 2.24.51 (i686-pc-cygwin) using BFD version (GNU Binutils) 2.24.51.20140703
Reading specs from /usr/lib/gcc/i686-pc-cygwin/4.8.3/libgfortran.spec
rename spec lib to liborig
 /usr/lib/gcc/i686-pc-cygwin/4.8.3/collect2.exe --wrap _Znwj --wrap _Znaj --wrap _ZdlPv --wrap _ZdaPv --wrap _ZnwjRKSt9nothrow_t --wrap _ZnajRKSt9nothrow_t --wrap _ZdlPvRKSt9nothrow_t --wrap _ZdaPvRKSt9nothrow_t -Bdynamic --dll-search-prefix=cyg --large-address-aware --tsaware -o conftest.exe /usr/lib/gcc/i686-pc-cygwin/4.8.3/../../../crt0.o /usr/lib/gcc/i686-pc-cygwin/4.8.3/crtbegin.o -L/usr/lib/gcc/i686-pc-cygwin/4.8.3 -L/usr/lib/gcc/i686-pc-cygwin/4.8.3/../../../../i686-pc-cygwin/lib -L/usr/lib/gcc/i686-pc-cygwin/4.8.3/../../.. /tmp/ccQdra17.o -lgfortran -lgcc_s -lgcc -lquadmath -lm -lgcc_s -lgcc -lcygwin -ladvapi32 -lshell32 -luser32 -lkernel32 -lgcc_s -lgcc /usr/lib/gcc/i686-pc-cygwin/4.8.3/../../../default-manifest.o /usr/lib/gcc/i686-pc-cygwin/4.8.3/crtend.o
configure:4170: result:  -L/usr/lib/gcc/i686-pc-cygwin/4.8.3 -L/usr/lib/gcc/i686-pc-cygwin/4.8.3/../../../../i686-pc-cygwin/lib -L/usr/lib/gcc/i686-pc-cygwin/4.8.3/../../.. -lgfortran -lquadmath -lm -lcygwin -ladvapi32 -lshell32 -luser32
configure:4229: checking for gcc
configure:4245: found /usr/bin/gcc
configure:4256: result: gcc
configure:4485: checking for C compiler version
configure:4494: gcc --version >&5
gcc (GCC) 4.8.3
Copyright (C) 2013 Free Software Foundation, Inc.
This is free software; see the source for copying conditions.  There is NO
warranty; not even for MERCHANTABILITY or FITNESS FOR A PARTICULAR PURPOSE.

configure:4505: $? = 0
configure:4494: gcc -v >&5
Using built-in specs.
COLLECT_GCC=gcc
COLLECT_LTO_WRAPPER=/usr/lib/gcc/i686-pc-cygwin/4.8.3/lto-wrapper.exe
Target: i686-pc-cygwin
Configured with: /cygdrive/i/szsz/tmpp/gcc4/gcc-4.8.3-2.i686/src/gcc-4.8.3/configure --srcdir=/cygdrive/i/szsz/tmpp/gcc4/gcc-4.8.3-2.i686/src/gcc-4.8.3 --prefix=/usr --exec-prefix=/usr --bindir=/usr/bin --sbindir=/usr/sbin --libexecdir=/usr/libexec --datadir=/usr/share --localstatedir=/var --sysconfdir=/etc --libdir=/usr/lib --datarootdir=/usr/share --docdir=/usr/share/doc/gcc --htmldir=/usr/share/doc/gcc/html -C --build=i686-pc-cygwin --host=i686-pc-cygwin --target=i686-pc-cygwin --without-libiconv-prefix --without-libintl-prefix --enable-shared --enable-shared-libgcc --enable-static --enable-version-specific-runtime-libs --enable-bootstrap --disable-__cxa_atexit --with-dwarf2 --with-arch=i686 --with-tune=generic --disable-sjlj-exceptions --enable-languages=ada,c,c++,fortran,java,lto,objc,obj-c++ --enable-graphite --enable-threads=posix --enable-libatomic --enable-libgomp --disable-libitm --enable-libquadmath --enable-libquadmath-support --enable-libssp --enable-libada --enable-libjava --enable-libgcj-sublibs --disable-java-awt --disable-symvers --with-ecj-jar=/usr/share/java/ecj.jar --with-gnu-ld --with-gnu-as --with-cloog-include=/usr/include/cloog-isl --without-libiconv-prefix --without-libintl-prefix --with-system-zlib --libexecdir=/usr/lib
Thread model: posix
gcc version 4.8.3 (GCC) 
configure:4505: $? = 0
configure:4494: gcc -V >&5
gcc: error: unrecognized command line option '-V'
gcc: fatal error: no input files
compilation terminated.
configure:4505: $? = 1
configure:4494: gcc -qversion >&5
gcc: error: unrecognized command line option '-qversion'
gcc: fatal error: no input files
compilation terminated.
configure:4505: $? = 1
configure:4509: checking whether we are using the GNU C compiler
configure:4536: gcc -c   conftest.c >&5
configure:4536: $? = 0
configure:4545: result: yes
configure:4554: checking whether gcc accepts -g
configure:4582: gcc -c -g  conftest.c >&5
configure:4582: $? = 0
configure:4639: result: yes
configure:4656: checking for gcc option to accept ISO C89
configure:4727: gcc  -c -g -O2  conftest.c >&5
configure:4727: $? = 0
configure:4740: result: none needed
configure:4762: checking dependency style of gcc
configure:4873: result: gcc3
configure:4894: checking for dummy main to link with Fortran libraries
configure:4928: gcc -o conftest.exe -g -O2   conftest.c   -L/usr/lib/gcc/i686-pc-cygwin/4.8.3 -L/usr/lib/gcc/i686-pc-cygwin/4.8.3/../../../../i686-pc-cygwin/lib -L/usr/lib/gcc/i686-pc-cygwin/4.8.3/../../.. -lgfortran -lquadmath -lm -lcygwin -ladvapi32 -lshell32 -luser32 >&5
configure:4928: $? = 0
configure:4973: result: none
configure:5006: checking for Fortran name-mangling scheme
configure:5019: gfortran -c -g -O2  conftest.f >&5
configure:5019: $? = 0
configure:5060: gcc -o conftest.exe -g -O2   conftest.c cfortran_test.o   -L/usr/lib/gcc/i686-pc-cygwin/4.8.3 -L/usr/lib/gcc/i686-pc-cygwin/4.8.3/../../../../i686-pc-cygwin/lib -L/usr/lib/gcc/i686-pc-cygwin/4.8.3/../../.. -lgfortran -lquadmath -lm -lcygwin -ladvapi32 -lshell32 -luser32 >&5
/tmp/cceps3bW.o: In function `main':
/usr/src/MCSANC/mcsanc/conftest.c:30: undefined reference to `foobar'
collect2: error: ld returned 1 exit status
configure:5060: $? = 1
configure: failed program was:
| /* confdefs.h */
| #define PACKAGE_NAME "mcsanc"
| #define PACKAGE_TARNAME "mcsanc"
| #define PACKAGE_VERSION "0.0.1"
| #define PACKAGE_STRING "mcsanc 0.0.1"
| #define PACKAGE_BUGREPORT "http://sanc.jinr.ru"
| #define PACKAGE_URL ""
| #define PACKAGE "mcsanc"
| #define VERSION "0.0.1"
| /* end confdefs.h.  */
| 
| /* Override any GCC internal prototype to avoid an error.
|    Use char because int might match the return type of a GCC
|    builtin and then its argument prototype would still apply.  */
| #ifdef __cplusplus
| extern "C"
| #endif
| char foobar ();
| #ifdef FC_DUMMY_MAIN
| #ifndef FC_DUMMY_MAIN_EQ_F77
| #  ifdef __cplusplus
|      extern "C"
| #  endif
|    int FC_DUMMY_MAIN() { return 1; }
| #endif
| #endif
| int
| main ()
| {
| return foobar ();
|   ;
|   return 0;
| }
configure:5060: gcc -o conftest.exe -g -O2   conftest.c cfortran_test.o   -L/usr/lib/gcc/i686-pc-cygwin/4.8.3 -L/usr/lib/gcc/i686-pc-cygwin/4.8.3/../../../../i686-pc-cygwin/lib -L/usr/lib/gcc/i686-pc-cygwin/4.8.3/../../.. -lgfortran -lquadmath -lm -lcygwin -ladvapi32 -lshell32 -luser32 >&5
configure:5060: $? = 0
configure:5118: gcc -o conftest.exe -g -O2   conftest.c cfortran_test.o   -L/usr/lib/gcc/i686-pc-cygwin/4.8.3 -L/usr/lib/gcc/i686-pc-cygwin/4.8.3/../../../../i686-pc-cygwin/lib -L/usr/lib/gcc/i686-pc-cygwin/4.8.3/../../.. -lgfortran -lquadmath -lm -lcygwin -ladvapi32 -lshell32 -luser32 >&5
configure:5118: $? = 0
configure:5160: result: lower case, underscore, no extra underscore
configure:5231: checking how to get verbose linking output from gfortran
configure:5241: gfortran -c -g -O2 conftest.f >&5
configure:5241: $? = 0
configure:5259: gfortran -o conftest.exe -g -O2 -v conftest.f
Using built-in specs.
Target: i686-pc-cygwin
Thread model: posix
gcc version 4.8.3 (GCC) 
 /usr/lib/gcc/i686-pc-cygwin/4.8.3/f951.exe conftest.f -ffixed-form -quiet -dumpbase conftest.f -mtune=generic -march=i686 -auxbase conftest -g -O2 -version -fintrinsic-modules-path /usr/lib/gcc/i686-pc-cygwin/4.8.3/finclude -o /tmp/ccN6TZ2F.s
GNU Fortran (GCC) version 4.8.3 (i686-pc-cygwin)
	compiled by GNU C version 4.8.3, GMP version 6.0.0, MPFR version 3.1.2, MPC version 1.0.2
GGC heuristics: --param ggc-min-expand=100 --param ggc-min-heapsize=131072
GNU Fortran (GCC) version 4.8.3 (i686-pc-cygwin)
	compiled by GNU C version 4.8.3, GMP version 6.0.0, MPFR version 3.1.2, MPC version 1.0.2
GGC heuristics: --param ggc-min-expand=100 --param ggc-min-heapsize=131072
 /usr/lib/gcc/i686-pc-cygwin/4.8.3/../../../../i686-pc-cygwin/bin/as.exe -v -o /tmp/ccGPh4pC.o /tmp/ccN6TZ2F.s
GNU assembler version 2.24.51 (i686-pc-cygwin) using BFD version (GNU Binutils) 2.24.51.20140703
Reading specs from /usr/lib/gcc/i686-pc-cygwin/4.8.3/libgfortran.spec
rename spec lib to liborig
 /usr/lib/gcc/i686-pc-cygwin/4.8.3/collect2.exe --wrap _Znwj --wrap _Znaj --wrap _ZdlPv --wrap _ZdaPv --wrap _ZnwjRKSt9nothrow_t --wrap _ZnajRKSt9nothrow_t --wrap _ZdlPvRKSt9nothrow_t --wrap _ZdaPvRKSt9nothrow_t -Bdynamic --dll-search-prefix=cyg --large-address-aware --tsaware -o conftest.exe /usr/lib/gcc/i686-pc-cygwin/4.8.3/../../../crt0.o /usr/lib/gcc/i686-pc-cygwin/4.8.3/crtbegin.o -L/usr/lib/gcc/i686-pc-cygwin/4.8.3 -L/usr/lib/gcc/i686-pc-cygwin/4.8.3/../../../../i686-pc-cygwin/lib -L/usr/lib/gcc/i686-pc-cygwin/4.8.3/../../.. /tmp/ccGPh4pC.o -lgfortran -lgcc_s -lgcc -lquadmath -lm -lgcc_s -lgcc -lcygwin -ladvapi32 -lshell32 -luser32 -lkernel32 -lgcc_s -lgcc /usr/lib/gcc/i686-pc-cygwin/4.8.3/../../../default-manifest.o /usr/lib/gcc/i686-pc-cygwin/4.8.3/crtend.o
configure:5342: result: -v
configure:5344: checking for Fortran 77 libraries of gfortran
configure:5367: gfortran -o conftest.exe -g -O2 -v conftest.f
Using built-in specs.
Target: i686-pc-cygwin
Thread model: posix
gcc version 4.8.3 (GCC) 
 /usr/lib/gcc/i686-pc-cygwin/4.8.3/f951.exe conftest.f -ffixed-form -quiet -dumpbase conftest.f -mtune=generic -march=i686 -auxbase conftest -g -O2 -version -fintrinsic-modules-path /usr/lib/gcc/i686-pc-cygwin/4.8.3/finclude -o /tmp/ccSlnzAg.s
GNU Fortran (GCC) version 4.8.3 (i686-pc-cygwin)
	compiled by GNU C version 4.8.3, GMP version 6.0.0, MPFR version 3.1.2, MPC version 1.0.2
GGC heuristics: --param ggc-min-expand=100 --param ggc-min-heapsize=131072
GNU Fortran (GCC) version 4.8.3 (i686-pc-cygwin)
	compiled by GNU C version 4.8.3, GMP version 6.0.0, MPFR version 3.1.2, MPC version 1.0.2
GGC heuristics: --param ggc-min-expand=100 --param ggc-min-heapsize=131072
 /usr/lib/gcc/i686-pc-cygwin/4.8.3/../../../../i686-pc-cygwin/bin/as.exe -v -o /tmp/cc8yTsW5.o /tmp/ccSlnzAg.s
GNU assembler version 2.24.51 (i686-pc-cygwin) using BFD version (GNU Binutils) 2.24.51.20140703
Reading specs from /usr/lib/gcc/i686-pc-cygwin/4.8.3/libgfortran.spec
rename spec lib to liborig
 /usr/lib/gcc/i686-pc-cygwin/4.8.3/collect2.exe --wrap _Znwj --wrap _Znaj --wrap _ZdlPv --wrap _ZdaPv --wrap _ZnwjRKSt9nothrow_t --wrap _ZnajRKSt9nothrow_t --wrap _ZdlPvRKSt9nothrow_t --wrap _ZdaPvRKSt9nothrow_t -Bdynamic --dll-search-prefix=cyg --large-address-aware --tsaware -o conftest.exe /usr/lib/gcc/i686-pc-cygwin/4.8.3/../../../crt0.o /usr/lib/gcc/i686-pc-cygwin/4.8.3/crtbegin.o -L/usr/lib/gcc/i686-pc-cygwin/4.8.3 -L/usr/lib/gcc/i686-pc-cygwin/4.8.3/../../../../i686-pc-cygwin/lib -L/usr/lib/gcc/i686-pc-cygwin/4.8.3/../../.. /tmp/cc8yTsW5.o -lgfortran -lgcc_s -lgcc -lquadmath -lm -lgcc_s -lgcc -lcygwin -ladvapi32 -lshell32 -luser32 -lkernel32 -lgcc_s -lgcc /usr/lib/gcc/i686-pc-cygwin/4.8.3/../../../default-manifest.o /usr/lib/gcc/i686-pc-cygwin/4.8.3/crtend.o
configure:5563: result:  -L/usr/lib/gcc/i686-pc-cygwin/4.8.3 -L/usr/lib/gcc/i686-pc-cygwin/4.8.3/../../../../i686-pc-cygwin/lib -L/usr/lib/gcc/i686-pc-cygwin/4.8.3/../../.. -lgfortran -lquadmath -lm -lcygwin -ladvapi32 -lshell32 -luser32
configure:5579: checking for dummy main to link with Fortran 77 libraries
configure:5621: gcc -o conftest.exe -g -O2   conftest.c   -L/usr/lib/gcc/i686-pc-cygwin/4.8.3 -L/usr/lib/gcc/i686-pc-cygwin/4.8.3/../../../../i686-pc-cygwin/lib -L/usr/lib/gcc/i686-pc-cygwin/4.8.3/../../.. -lgfortran -lquadmath -lm -lcygwin -ladvapi32 -lshell32 -luser32 >&5
configure:5621: $? = 0
configure:5674: result: none
configure:5707: checking for Fortran 77 name-mangling scheme
configure:5720: gfortran -c -g -O2 conftest.f >&5
configure:5720: $? = 0
configure:5769: gcc -o conftest.exe -g -O2   conftest.c cfortran_test.o   -L/usr/lib/gcc/i686-pc-cygwin/4.8.3 -L/usr/lib/gcc/i686-pc-cygwin/4.8.3/../../../../i686-pc-cygwin/lib -L/usr/lib/gcc/i686-pc-cygwin/4.8.3/../../.. -lgfortran -lquadmath -lm -lcygwin -ladvapi32 -lshell32 -luser32 >&5
/tmp/cccHEP4q.o: In function `main':
/usr/src/MCSANC/mcsanc/conftest.c:40: undefined reference to `foobar'
collect2: error: ld returned 1 exit status
configure:5769: $? = 1
configure: failed program was:
| /* confdefs.h */
| #define PACKAGE_NAME "mcsanc"
| #define PACKAGE_TARNAME "mcsanc"
| #define PACKAGE_VERSION "0.0.1"
| #define PACKAGE_STRING "mcsanc 0.0.1"
| #define PACKAGE_BUGREPORT "http://sanc.jinr.ru"
| #define PACKAGE_URL ""
| #define PACKAGE "mcsanc"
| #define VERSION "0.0.1"
| #define FC_FUNC(name,NAME) name ## _
| #define FC_FUNC_(name,NAME) name ## _
| /* end confdefs.h.  */
| 
| /* Override any GCC internal prototype to avoid an error.
|    Use char because int might match the return type of a GCC
|    builtin and then its argument prototype would still apply.  */
| #ifdef __cplusplus
| extern "C"
| #endif
| char foobar ();
| #ifdef F77_DUMMY_MAIN
| 
| #  ifdef __cplusplus
|      extern "C"
| #  endif
|    int F77_DUMMY_MAIN() { return 1; }
| 
| #endif
| #ifdef FC_DUMMY_MAIN
| #ifndef FC_DUMMY_MAIN_EQ_F77
| #  ifdef __cplusplus
|      extern "C"
| #  endif
|    int FC_DUMMY_MAIN() { return 1; }
| #endif
| #endif
| int
| main ()
| {
| return foobar ();
|   ;
|   return 0;
| }
configure:5769: gcc -o conftest.exe -g -O2   conftest.c cfortran_test.o   -L/usr/lib/gcc/i686-pc-cygwin/4.8.3 -L/usr/lib/gcc/i686-pc-cygwin/4.8.3/../../../../i686-pc-cygwin/lib -L/usr/lib/gcc/i686-pc-cygwin/4.8.3/../../.. -lgfortran -lquadmath -lm -lcygwin -ladvapi32 -lshell32 -luser32 >&5
configure:5769: $? = 0
configure:5835: gcc -o conftest.exe -g -O2   conftest.c cfortran_test.o   -L/usr/lib/gcc/i686-pc-cygwin/4.8.3 -L/usr/lib/gcc/i686-pc-cygwin/4.8.3/../../../../i686-pc-cygwin/lib -L/usr/lib/gcc/i686-pc-cygwin/4.8.3/../../.. -lgfortran -lquadmath -lm -lcygwin -ladvapi32 -lshell32 -luser32 >&5
configure:5835: $? = 0
configure:5877: result: lower case, underscore, no extra underscore
configure:5949: checking if LHAPDF is present and works
configure:5956: checking for lhapdf-config
configure:5972: found /usr/local/bin/lhapdf-config
configure:5992: result: HAS_LHAPDF_CONFIG=yes
configure:6013: checking for tinyxml2
configure:6051: g++ -o conftest.exe -g -O2   -ltinyxml2 conftest.cpp  >&5
conftest.cpp:15:22: fatal error: tinyxml2.h: No such file or directory
 #include <tinyxml2.h>
                      ^
compilation terminated.
configure:6051: $? = 1
configure: failed program was:
| /* confdefs.h */
| #define PACKAGE_NAME "mcsanc"
| #define PACKAGE_TARNAME "mcsanc"
| #define PACKAGE_VERSION "0.0.1"
| #define PACKAGE_STRING "mcsanc 0.0.1"
| #define PACKAGE_BUGREPORT "http://sanc.jinr.ru"
| #define PACKAGE_URL ""
| #define PACKAGE "mcsanc"
| #define VERSION "0.0.1"
| #define FC_FUNC(name,NAME) name ## _
| #define FC_FUNC_(name,NAME) name ## _
| #define F77_FUNC(name,NAME) name ## _
| #define F77_FUNC_(name,NAME) name ## _
| /* end confdefs.h.  */
| #include <tinyxml2.h>
| #ifdef F77_DUMMY_MAIN
| 
| #  ifdef __cplusplus
|      extern "C"
| #  endif
|    int F77_DUMMY_MAIN() { return 1; }
| 
| #endif
| #ifdef FC_DUMMY_MAIN
| #ifndef FC_DUMMY_MAIN_EQ_F77
| #  ifdef __cplusplus
|      extern "C"
| #  endif
|    int FC_DUMMY_MAIN() { return 1; }
| #endif
| #endif
| int
| main ()
| {
| tinyxml2::XMLDocument doc
|   ;
|   return 0;
| }
configure:6063: result: no
configure:6073: WARNING: tinyxml2 is not installed. XML output is not available.
configure:6233: creating ./config.status

## ---------------------- ##
## Running config.status. ##
## ---------------------- ##

This file was extended by mcsanc config.status 0.0.1, which was
generated by GNU Autoconf 2.69.  Invocation command line was

  CONFIG_FILES    = 
  CONFIG_HEADERS  = 
  CONFIG_LINKS    = 
  CONFIG_COMMANDS = 
  $ ./config.status 

on AcerW500-ой

config.status:879: creating Makefile
config.status:879: creating SANC/Makefile
config.status:879: creating SANC/modules_cc/Makefile
config.status:879: creating SANC/modules_nc/Makefile
config.status:879: creating Looptools/Makefile
config.status:879: creating include/Makefile
config.status:879: creating src/Makefile
config.status:879: creating config.h
config.status:1108: executing depfiles commands
configure:7623: === configuring in Cuba (/usr/src/MCSANC/mcsanc/Cuba)
configure:7686: running /bin/sh ./configure --disable-option-checking '--prefix=/usr/src/MCSANC/mcsanc'  --cache-file=/dev/null --srcdir=.

## ---------------- ##
## Cache variables. ##
## ---------------- ##

ac_cv_build=i686-pc-cygwin
ac_cv_c_compiler_gnu=yes
ac_cv_cxx_compiler_gnu=yes
ac_cv_env_CCC_set=
ac_cv_env_CCC_value=
ac_cv_env_CC_set=
ac_cv_env_CC_value=
ac_cv_env_CFLAGS_set=
ac_cv_env_CFLAGS_value=
ac_cv_env_CPPFLAGS_set=
ac_cv_env_CPPFLAGS_value=
ac_cv_env_CXXFLAGS_set=
ac_cv_env_CXXFLAGS_value=
ac_cv_env_CXX_set=
ac_cv_env_CXX_value=
ac_cv_env_F77_set=
ac_cv_env_F77_value=
ac_cv_env_FCFLAGS_set=
ac_cv_env_FCFLAGS_value=
ac_cv_env_FC_set=
ac_cv_env_FC_value=
ac_cv_env_FFLAGS_set=
ac_cv_env_FFLAGS_value=
ac_cv_env_LDFLAGS_set=
ac_cv_env_LDFLAGS_value=
ac_cv_env_LIBS_set=
ac_cv_env_LIBS_value=
ac_cv_env_build_alias_set=
ac_cv_env_build_alias_value=
ac_cv_env_host_alias_set=
ac_cv_env_host_alias_value=
ac_cv_env_target_alias_set=
ac_cv_env_target_alias_value=
ac_cv_exeext=.exe
ac_cv_f77_compiler_gnu=yes
ac_cv_f77_dummy_main=none
ac_cv_f77_libs=' -L/usr/lib/gcc/i686-pc-cygwin/4.8.3 -L/usr/lib/gcc/i686-pc-cygwin/4.8.3/../../../../i686-pc-cygwin/lib -L/usr/lib/gcc/i686-pc-cygwin/4.8.3/../../.. -lgfortran -lquadmath -lm -lcygwin -ladvapi32 -lshell32 -luser32'
ac_cv_f77_mangling='lower case, underscore, no extra underscore'
ac_cv_fc_compiler_gnu=yes
ac_cv_fc_dummy_main=none
ac_cv_fc_libs=' -L/usr/lib/gcc/i686-pc-cygwin/4.8.3 -L/usr/lib/gcc/i686-pc-cygwin/4.8.3/../../../../i686-pc-cygwin/lib -L/usr/lib/gcc/i686-pc-cygwin/4.8.3/../../.. -lgfortran -lquadmath -lm -lcygwin -ladvapi32 -lshell32 -luser32'
ac_cv_fc_mangling='lower case, underscore, no extra underscore'
ac_cv_fortran_dummy_main=none
ac_cv_host=i686-pc-cygwin
ac_cv_objext=o
ac_cv_path_install='/usr/bin/install -c'
ac_cv_path_mkdir=/usr/bin/mkdir
ac_cv_prog_AWK=gawk
ac_cv_prog_LHAPDF_CONFIG=HAS_LHAPDF_CONFIG=yes
ac_cv_prog_ac_ct_CC=gcc
ac_cv_prog_ac_ct_CXX=g++
ac_cv_prog_ac_ct_F77=gfortran
ac_cv_prog_ac_ct_FC=gfortran
ac_cv_prog_ac_ct_RANLIB=ranlib
ac_cv_prog_cc_c89=
ac_cv_prog_cc_g=yes
ac_cv_prog_cxx_g=yes
ac_cv_prog_f77_g=yes
ac_cv_prog_f77_v=-v
ac_cv_prog_fc_g=yes
ac_cv_prog_fc_v=-v
ac_cv_prog_make_make_set=yes
am_cv_CC_dependencies_compiler_type=gcc3
am_cv_CXX_dependencies_compiler_type=gcc3

## ----------------- ##
## Output variables. ##
## ----------------- ##

ACLOCAL='${SHELL} /usr/src/MCSANC/mcsanc/build-aux/missing --run aclocal-1.11'
AMDEPBACKSLASH='\'
AMDEP_FALSE='#'
AMDEP_TRUE=''
AMTAR='$${TAR-tar}'
AUTOCONF='${SHELL} /usr/src/MCSANC/mcsanc/build-aux/missing --run autoconf'
AUTOHEADER='${SHELL} /usr/src/MCSANC/mcsanc/build-aux/missing --run autoheader'
AUTOMAKE='${SHELL} /usr/src/MCSANC/mcsanc/build-aux/missing --run automake-1.11'
AWK='gawk'
CC='gcc'
CCDEPMODE='depmode=gcc3'
CFLAGS='-g -O2'
CPPFLAGS=''
CXX='g++'
CXXDEPMODE='depmode=gcc3'
CXXFLAGS='-g -O2'
CYGPATH_W='cygpath -w'
DEFS='-DHAVE_CONFIG_H'
DEPDIR='.deps'
ECHO_C=''
ECHO_N='-n'
ECHO_T=''
EXEEXT='.exe'
F77='gfortran'
FC='gfortran'
FCFLAGS='-g -O2'
FCLIBS=' -L/usr/lib/gcc/i686-pc-cygwin/4.8.3 -L/usr/lib/gcc/i686-pc-cygwin/4.8.3/../../../../i686-pc-cygwin/lib -L/usr/lib/gcc/i686-pc-cygwin/4.8.3/../../.. -lgfortran -lquadmath -lm -lcygwin -ladvapi32 -lshell32 -luser32'
FFLAGS='-g -O2 -ffixed-line-length-132 -fno-range-check'
FLIBS=' -L/usr/lib/gcc/i686-pc-cygwin/4.8.3 -L/usr/lib/gcc/i686-pc-cygwin/4.8.3/../../../../i686-pc-cygwin/lib -L/usr/lib/gcc/i686-pc-cygwin/4.8.3/../../.. -lgfortran -lquadmath -lm -lcygwin -ladvapi32 -lshell32 -luser32'
HAVE_XML_FALSE=''
HAVE_XML_TRUE='#'
INSTALL_DATA='${INSTALL} -m 644'
INSTALL_PROGRAM='${INSTALL}'
INSTALL_SCRIPT='${INSTALL}'
INSTALL_STRIP_PROGRAM='$(install_sh) -c -s'
LDFLAGS=''
LHAPDF_CONFIG='HAS_LHAPDF_CONFIG=yes'
LHAPDF_LDFLAGS='-L/usr/local/lib -lLHAPDF'
LIBOBJS=''
LIBS=''
LTLIBOBJS=''
MAKEINFO='${SHELL} /usr/src/MCSANC/mcsanc/build-aux/missing --run makeinfo'
MKDIR_P='/usr/bin/mkdir -p'
OBJEXT='o'
PACKAGE='mcsanc'
PACKAGE_BUGREPORT='http://sanc.jinr.ru'
PACKAGE_NAME='mcsanc'
PACKAGE_STRING='mcsanc 0.0.1'
PACKAGE_TARNAME='mcsanc'
PACKAGE_URL=''
PACKAGE_VERSION='0.0.1'
PATH_SEPARATOR=':'
RANLIB='ranlib'
SET_MAKE=''
SHELL='/bin/sh'
STRIP=''
VERSION='0.0.1'
ac_ct_CC='gcc'
ac_ct_CXX='g++'
ac_ct_F77='gfortran'
ac_ct_FC='gfortran'
am__EXEEXT_FALSE='#'
am__EXEEXT_TRUE=''
am__fastdepCC_FALSE='#'
am__fastdepCC_TRUE=''
am__fastdepCXX_FALSE='#'
am__fastdepCXX_TRUE=''
am__include='include'
am__isrc=''
am__leading_dot='.'
am__nodep='_no'
am__quote=''
am__tar='$${TAR-tar} chof - "$$tardir"'
am__untar='$${TAR-tar} xf -'
bindir='${exec_prefix}/bin'
build='i686-pc-cygwin'
build_alias=''
build_cpu='i686'
build_os='cygwin'
build_vendor='pc'
datadir='${datarootdir}'
datarootdir='${prefix}/share'
docdir='${datarootdir}/doc/${PACKAGE_TARNAME}'
dvidir='${docdir}'
exec_prefix='${prefix}'
host='i686-pc-cygwin'
host_alias=''
host_cpu='i686'
host_os='cygwin'
host_vendor='pc'
htmldir='${docdir}'
includedir='${prefix}/include'
infodir='${datarootdir}/info'
install_sh='${SHELL} /usr/src/MCSANC/mcsanc/build-aux/install-sh'
libdir='${exec_prefix}/lib'
libexecdir='${exec_prefix}/libexec'
localedir='${datarootdir}/locale'
localstatedir='${prefix}/var'
mandir='${datarootdir}/man'
mkdir_p='/usr/bin/mkdir -p'
oldincludedir='/usr/include'
pdfdir='${docdir}'
prefix='/usr/src/MCSANC/mcsanc'
program_transform_name='s,x,x,'
psdir='${docdir}'
sbindir='${exec_prefix}/sbin'
sharedstatedir='${prefix}/com'
subdirs=' Cuba'
sysconfdir='${prefix}/etc'
target_alias=''

## ----------- ##
## confdefs.h. ##
## ----------- ##

/* confdefs.h */
#define PACKAGE_NAME "mcsanc"
#define PACKAGE_TARNAME "mcsanc"
#define PACKAGE_VERSION "0.0.1"
#define PACKAGE_STRING "mcsanc 0.0.1"
#define PACKAGE_BUGREPORT "http://sanc.jinr.ru"
#define PACKAGE_URL ""
#define PACKAGE "mcsanc"
#define VERSION "0.0.1"
#define FC_FUNC(name,NAME) name ## _
#define FC_FUNC_(name,NAME) name ## _
#define F77_FUNC(name,NAME) name ## _
#define F77_FUNC_(name,NAME) name ## _

configure: exit 0
