
ASEM-51 V1.2                                         Copyright (c) 1996 by W.W. Heinz                                         PAGE 1





       MCS-51 Family Cross Assembler   A S E M - 5 1   V 1.2
       =====================================================



	Source File:	E:\BOOK1_~1\SOURCE\CH04\LISTIN~2.ASM
	Object File:	E:\BOOK1_~1\SOURCE\CH04\LISTIN~2.HEX
	List File:	E:\BOOK1_~1\SOURCE\CH04\LISTIN~2.LST



 Line  I  Addr  Code            Source

    1:				.586
				^
			  @@@@@ illegal statement syntax @@@@@

    2:				.model flat
				^
			  @@@@@ illegal statement syntax @@@@@

    3:				 option casemap:none
					^
			  @@@@@ illegal statement syntax @@@@@

    4:				data1 segment
				      ^
			  @@@@@ illegal statement syntax @@@@@

    5:				  src  DB   "Test STRING To Copy"
				       ^
			  @@@@@ illegal statement syntax @@@@@

    6:				  len  EQU  $-src
					      ^
			  @@@@@ symbol not defined @@@@@

    7:				data1  ends
				       ^
			  @@@@@ illegal statement syntax @@@@@

    8:				data2  segment public
				       ^
			  @@@@@ illegal statement syntax @@@@@

    9:				  dst  DB  len+1 DUP('+')
				       ^
			  @@@@@ illegal statement syntax @@@@@

   10:				data2  ends
				       ^
			  @@@@@ illegal statement syntax @@@@@

   11:				code segment
				^
			  @@@@@ illegal statement syntax @@@@@

ASEM-51 V1.2                                         Copyright (c) 1996 by W.W. Heinz                                         PAGE 2



 Line  I  Addr  Code            Source


   12:				_seg_ex proc
					^
			  @@@@@ illegal statement syntax @@@@@

   13:				 assume CS:FLAT,DS:FLAT, SS:FLAT, ES:FLAT, FS:ERROR, GS:ERROR
					^
			  @@@@@ illegal statement syntax @@@@@

   14:	  0000	85 00 00	 mov    ESI, offset data1
					^
			  @@@@@ symbol not defined @@@@@

   15:	  0003	85 00 00	 mov    EDI, offset data2
					^
			  @@@@@ symbol not defined @@@@@

   16:				 cld
				    ^
			  @@@@@ illegal statement syntax @@@@@

   17:	  0006	85 00 00	 mov    CX, len
					^
			  @@@@@ symbol not defined @@@@@

   18:				 rep    movsb
					^
			  @@@@@ illegal statement syntax @@@@@

   19:	  0009	85 00 00	 mov    EAX, offset data2
					^
			  @@@@@ symbol not defined @@@@@

   20:	  000C	22		 ret
   21:				_seg_ex endp
					^
			  @@@@@ illegal statement syntax @@@@@

   22:				code ends
				^
			  @@@@@ illegal statement syntax @@@@@

   23:				end





                     register banks used:  ---

                     21 errors detected




ASEM-51 V1.2                                         Copyright (c) 1996 by W.W. Heinz                                         PAGE 3





	       L I S T   O F   S Y M B O L S
	       =============================


SYMBOL				  TYPE     VALUE	LINE
------------------------------------------------------------
AC				  BIT	      D6
ACC				  DATA	      E0
B				  DATA	      F0
CY				  BIT	      D7
DPH				  DATA	      83
DPL				  DATA	      82
EA				  BIT	      AF
ES				  BIT	      AC
ET0				  BIT	      A9
ET1				  BIT	      AB
EX0				  BIT	      A8
EX1				  BIT	      AA
EXTI0				  CODE	    0003
EXTI1				  CODE	    0013
F0				  BIT	      D5
IE				  DATA	      A8
IE0				  BIT	      89
IE1				  BIT	      8B
INT0				  BIT	      B2
INT1				  BIT	      B3
IP				  DATA	      B8
IT0				  BIT	      88
IT1				  BIT	      8A
OV				  BIT	      D2
P				  BIT	      D0
P0				  DATA	      80
P1				  DATA	      90
P2				  DATA	      A0
P3				  DATA	      B0
PCON				  DATA	      87
PS				  BIT	      BC
PSW				  DATA	      D0
PT0				  BIT	      B9
PT1				  BIT	      BB
PX0				  BIT	      B8
PX1				  BIT	      BA
RB8				  BIT	      9A
RD				  BIT	      B7
REN				  BIT	      9C
RESET				  CODE	    0000
RI				  BIT	      98
RS0				  BIT	      D3
RS1				  BIT	      D4
RXD				  BIT	      B0
SBUF				  DATA	      99
SCON				  DATA	      98
SINT				  CODE	    0023
SM0				  BIT	      9F
SM1				  BIT	      9E
SM2				  BIT	      9D

ASEM-51 V1.2                                         Copyright (c) 1996 by W.W. Heinz                                         PAGE 4



SYMBOL				  TYPE     VALUE	LINE
------------------------------------------------------------
SP				  DATA	      81
T0				  BIT	      B4
T1				  BIT	      B5
TB8				  BIT	      9B
TCON				  DATA	      88
TF0				  BIT	      8D
TF1				  BIT	      8F
TH0				  DATA	      8C
TH1				  DATA	      8D
TI				  BIT	      99
TIMER0				  CODE	    000B
TIMER1				  CODE	    001B
TL0				  DATA	      8A
TL1				  DATA	      8B
TMOD				  DATA	      89
TR0				  BIT	      8C
TR1				  BIT	      8E
TXD				  BIT	      B1
WR				  BIT	      B6
